{"total": {"lines":{"total":309,"covered":283,"skipped":0,"pct":91.58},"statements":{"total":355,"covered":329,"skipped":0,"pct":92.67},"functions":{"total":83,"covered":73,"skipped":0,"pct":87.95},"branches":{"total":33,"covered":27,"skipped":0,"pct":81.81},"branchesTrue":{"total":0,"covered":0,"skipped":0,"pct":100}}
,"C:\\Users\\boutr\\IdeaProjects\\Utils\\nestjs-monorepo\\apps\\auth-api\\src\\modules\\health\\adapter.ts": {"lines":{"total":1,"covered":1,"skipped":0,"pct":100},"functions":{"total":0,"covered":0,"skipped":0,"pct":100},"statements":{"total":1,"covered":1,"skipped":0,"pct":100},"branches":{"total":0,"covered":0,"skipped":0,"pct":100}}
,"C:\\Users\\boutr\\IdeaProjects\\Utils\\nestjs-monorepo\\apps\\auth-api\\src\\modules\\health\\controller.ts": {"lines":{"total":8,"covered":8,"skipped":0,"pct":100},"functions":{"total":2,"covered":2,"skipped":0,"pct":100},"statements":{"total":10,"covered":10,"skipped":0,"pct":100},"branches":{"total":0,"covered":0,"skipped":0,"pct":100}}
,"C:\\Users\\boutr\\IdeaProjects\\Utils\\nestjs-monorepo\\apps\\auth-api\\src\\modules\\health\\service.ts": {"lines":{"total":11,"covered":11,"skipped":0,"pct":100},"functions":{"total":2,"covered":2,"skipped":0,"pct":100},"statements":{"total":13,"covered":13,"skipped":0,"pct":100},"branches":{"total":0,"covered":0,"skipped":0,"pct":100}}
,"C:\\Users\\boutr\\IdeaProjects\\Utils\\nestjs-monorepo\\apps\\auth-api\\src\\modules\\login\\adapter.ts": {"lines":{"total":1,"covered":1,"skipped":0,"pct":100},"functions":{"total":0,"covered":0,"skipped":0,"pct":100},"statements":{"total":1,"covered":1,"skipped":0,"pct":100},"branches":{"total":0,"covered":0,"skipped":0,"pct":100}}
,"C:\\Users\\boutr\\IdeaProjects\\Utils\\nestjs-monorepo\\apps\\auth-api\\src\\modules\\login\\controller.ts": {"lines":{"total":12,"covered":12,"skipped":0,"pct":100},"functions":{"total":2,"covered":2,"skipped":0,"pct":100},"statements":{"total":14,"covered":14,"skipped":0,"pct":100},"branches":{"total":0,"covered":0,"skipped":0,"pct":100}}
,"C:\\Users\\boutr\\IdeaProjects\\Utils\\nestjs-monorepo\\apps\\auth-api\\src\\modules\\login\\service.ts": {"lines":{"total":8,"covered":8,"skipped":0,"pct":100},"functions":{"total":2,"covered":2,"skipped":0,"pct":100},"statements":{"total":11,"covered":11,"skipped":0,"pct":100},"branches":{"total":1,"covered":1,"skipped":0,"pct":100}}
,"C:\\Users\\boutr\\IdeaProjects\\Utils\\nestjs-monorepo\\apps\\auth-api\\src\\modules\\user\\adapter.ts": {"lines":{"total":2,"covered":2,"skipped":0,"pct":100},"functions":{"total":0,"covered":0,"skipped":0,"pct":100},"statements":{"total":2,"covered":2,"skipped":0,"pct":100},"branches":{"total":0,"covered":0,"skipped":0,"pct":100}}
,"C:\\Users\\boutr\\IdeaProjects\\Utils\\nestjs-monorepo\\apps\\auth-api\\src\\modules\\user\\entity.ts": {"lines":{"total":5,"covered":5,"skipped":0,"pct":100},"functions":{"total":0,"covered":0,"skipped":0,"pct":100},"statements":{"total":5,"covered":5,"skipped":0,"pct":100},"branches":{"total":0,"covered":0,"skipped":0,"pct":100}}
,"C:\\Users\\boutr\\IdeaProjects\\Utils\\nestjs-monorepo\\apps\\auth-api\\src\\modules\\user\\repository.ts": {"lines":{"total":8,"covered":8,"skipped":0,"pct":100},"functions":{"total":1,"covered":1,"skipped":0,"pct":100},"statements":{"total":10,"covered":10,"skipped":0,"pct":100},"branches":{"total":0,"covered":0,"skipped":0,"pct":100}}
,"C:\\Users\\boutr\\IdeaProjects\\Utils\\nestjs-monorepo\\apps\\auth-api\\src\\modules\\user\\schema.ts": {"lines":{"total":5,"covered":5,"skipped":0,"pct":100},"functions":{"total":0,"covered":0,"skipped":0,"pct":100},"statements":{"total":7,"covered":7,"skipped":0,"pct":100},"branches":{"total":0,"covered":0,"skipped":0,"pct":100}}
,"C:\\Users\\boutr\\IdeaProjects\\Utils\\nestjs-monorepo\\apps\\cats-api\\src\\modules\\cats\\adapter.ts": {"lines":{"total":2,"covered":2,"skipped":0,"pct":100},"functions":{"total":0,"covered":0,"skipped":0,"pct":100},"statements":{"total":2,"covered":2,"skipped":0,"pct":100},"branches":{"total":0,"covered":0,"skipped":0,"pct":100}}
,"C:\\Users\\boutr\\IdeaProjects\\Utils\\nestjs-monorepo\\apps\\cats-api\\src\\modules\\cats\\controller.ts": {"lines":{"total":9,"covered":9,"skipped":0,"pct":100},"functions":{"total":2,"covered":2,"skipped":0,"pct":100},"statements":{"total":11,"covered":11,"skipped":0,"pct":100},"branches":{"total":0,"covered":0,"skipped":0,"pct":100}}
,"C:\\Users\\boutr\\IdeaProjects\\Utils\\nestjs-monorepo\\apps\\cats-api\\src\\modules\\cats\\entity.ts": {"lines":{"total":6,"covered":6,"skipped":0,"pct":100},"functions":{"total":0,"covered":0,"skipped":0,"pct":100},"statements":{"total":7,"covered":7,"skipped":0,"pct":100},"branches":{"total":0,"covered":0,"skipped":0,"pct":100}}
,"C:\\Users\\boutr\\IdeaProjects\\Utils\\nestjs-monorepo\\apps\\cats-api\\src\\modules\\cats\\repository.ts": {"lines":{"total":8,"covered":8,"skipped":0,"pct":100},"functions":{"total":1,"covered":1,"skipped":0,"pct":100},"statements":{"total":10,"covered":10,"skipped":0,"pct":100},"branches":{"total":0,"covered":0,"skipped":0,"pct":100}}
,"C:\\Users\\boutr\\IdeaProjects\\Utils\\nestjs-monorepo\\apps\\cats-api\\src\\modules\\cats\\schema.ts": {"lines":{"total":6,"covered":6,"skipped":0,"pct":100},"functions":{"total":0,"covered":0,"skipped":0,"pct":100},"statements":{"total":8,"covered":8,"skipped":0,"pct":100},"branches":{"total":0,"covered":0,"skipped":0,"pct":100}}
,"C:\\Users\\boutr\\IdeaProjects\\Utils\\nestjs-monorepo\\apps\\cats-api\\src\\modules\\health\\adapter.ts": {"lines":{"total":1,"covered":1,"skipped":0,"pct":100},"functions":{"total":0,"covered":0,"skipped":0,"pct":100},"statements":{"total":1,"covered":1,"skipped":0,"pct":100},"branches":{"total":0,"covered":0,"skipped":0,"pct":100}}
,"C:\\Users\\boutr\\IdeaProjects\\Utils\\nestjs-monorepo\\apps\\cats-api\\src\\modules\\health\\controller.ts": {"lines":{"total":8,"covered":8,"skipped":0,"pct":100},"functions":{"total":2,"covered":2,"skipped":0,"pct":100},"statements":{"total":10,"covered":10,"skipped":0,"pct":100},"branches":{"total":0,"covered":0,"skipped":0,"pct":100}}
,"C:\\Users\\boutr\\IdeaProjects\\Utils\\nestjs-monorepo\\apps\\cats-api\\src\\modules\\health\\service.ts": {"lines":{"total":14,"covered":14,"skipped":0,"pct":100},"functions":{"total":2,"covered":2,"skipped":0,"pct":100},"statements":{"total":16,"covered":16,"skipped":0,"pct":100},"branches":{"total":0,"covered":0,"skipped":0,"pct":100}}
,"C:\\Users\\boutr\\IdeaProjects\\Utils\\nestjs-monorepo\\libs\\modules\\auth\\token\\service.ts": {"lines":{"total":14,"covered":14,"skipped":0,"pct":100},"functions":{"total":6,"covered":6,"skipped":0,"pct":100},"statements":{"total":16,"covered":16,"skipped":0,"pct":100},"branches":{"total":3,"covered":3,"skipped":0,"pct":100}}
,"C:\\Users\\boutr\\IdeaProjects\\Utils\\nestjs-monorepo\\libs\\modules\\cache\\service.ts": {"lines":{"total":31,"covered":31,"skipped":0,"pct":100},"functions":{"total":12,"covered":12,"skipped":0,"pct":100},"statements":{"total":38,"covered":38,"skipped":0,"pct":100},"branches":{"total":5,"covered":5,"skipped":0,"pct":100}}
,"C:\\Users\\boutr\\IdeaProjects\\Utils\\nestjs-monorepo\\libs\\modules\\database\\repository.ts": {"lines":{"total":17,"covered":17,"skipped":0,"pct":100},"functions":{"total":10,"covered":10,"skipped":0,"pct":100},"statements":{"total":17,"covered":17,"skipped":0,"pct":100},"branches":{"total":1,"covered":1,"skipped":0,"pct":100}}
,"C:\\Users\\boutr\\IdeaProjects\\Utils\\nestjs-monorepo\\libs\\modules\\database\\service.ts": {"lines":{"total":4,"covered":4,"skipped":0,"pct":100},"functions":{"total":2,"covered":2,"skipped":0,"pct":100},"statements":{"total":6,"covered":6,"skipped":0,"pct":100},"branches":{"total":0,"covered":0,"skipped":0,"pct":100}}
,"C:\\Users\\boutr\\IdeaProjects\\Utils\\nestjs-monorepo\\libs\\modules\\global\\logger\\service.ts": {"lines":{"total":61,"covered":41,"skipped":0,"pct":67.21},"functions":{"total":28,"covered":19,"skipped":0,"pct":67.85},"statements":{"total":64,"covered":44,"skipped":0,"pct":68.75},"branches":{"total":17,"covered":12,"skipped":0,"pct":70.58}}
,"C:\\Users\\boutr\\IdeaProjects\\Utils\\nestjs-monorepo\\libs\\modules\\global\\secrets\\service.ts": {"lines":{"total":17,"covered":17,"skipped":0,"pct":100},"functions":{"total":1,"covered":1,"skipped":0,"pct":100},"statements":{"total":19,"covered":19,"skipped":0,"pct":100},"branches":{"total":0,"covered":0,"skipped":0,"pct":100}}
,"C:\\Users\\boutr\\IdeaProjects\\Utils\\nestjs-monorepo\\libs\\modules\\http\\service.ts": {"lines":{"total":4,"covered":4,"skipped":0,"pct":100},"functions":{"total":1,"covered":1,"skipped":0,"pct":100},"statements":{"total":6,"covered":6,"skipped":0,"pct":100},"branches":{"total":0,"covered":0,"skipped":0,"pct":100}}
,"C:\\Users\\boutr\\IdeaProjects\\Utils\\nestjs-monorepo\\libs\\utils\\exception.ts": {"lines":{"total":7,"covered":7,"skipped":0,"pct":100},"functions":{"total":1,"covered":1,"skipped":0,"pct":100},"statements":{"total":7,"covered":7,"skipped":0,"pct":100},"branches":{"total":1,"covered":1,"skipped":0,"pct":100}}
,"C:\\Users\\boutr\\IdeaProjects\\Utils\\nestjs-monorepo\\libs\\utils\\filters\\http-exception.filter.ts": {"lines":{"total":13,"covered":13,"skipped":0,"pct":100},"functions":{"total":2,"covered":2,"skipped":0,"pct":100},"statements":{"total":15,"covered":15,"skipped":0,"pct":100},"branches":{"total":2,"covered":2,"skipped":0,"pct":100}}
,"C:\\Users\\boutr\\IdeaProjects\\Utils\\nestjs-monorepo\\libs\\utils\\middleware\\auth\\is-logged.middleware.ts": {"lines":{"total":24,"covered":18,"skipped":0,"pct":75},"functions":{"total":3,"covered":2,"skipped":0,"pct":66.66},"statements":{"total":26,"covered":20,"skipped":0,"pct":76.92},"branches":{"total":3,"covered":2,"skipped":0,"pct":66.66}}
,"C:\\Users\\boutr\\IdeaProjects\\Utils\\nestjs-monorepo\\libs\\utils\\tests\\mock-utils.ts": {"lines":{"total":2,"covered":2,"skipped":0,"pct":100},"functions":{"total":1,"covered":1,"skipped":0,"pct":100},"statements":{"total":2,"covered":2,"skipped":0,"pct":100},"branches":{"total":0,"covered":0,"skipped":0,"pct":100}}
}
