TN:
SF:apps\auth-api\src\modules\health\adapter.ts
FNF:0
FNH:0
DA:1,8
LF:1
LH:1
BRF:0
BRH:0
end_of_record
TN:
SF:apps\auth-api\src\modules\health\controller.ts
FN:10,(anonymous_2)
FN:15,(anonymous_3)
FNF:2
FNH:2
FNDA:4,(anonymous_2)
FNDA:4,(anonymous_3)
DA:1,6
DA:2,6
DA:4,6
DA:5,6
DA:9,6
DA:10,4
DA:15,6
DA:16,4
LF:8
LH:8
BRF:0
BRH:0
end_of_record
TN:
SF:apps\auth-api\src\modules\health\service.ts
FN:10,(anonymous_2)
FN:15,(anonymous_3)
FNF:2
FNH:2
FNDA:6,(anonymous_2)
FNDA:4,(anonymous_3)
DA:1,8
DA:2,8
DA:3,8
DA:5,8
DA:9,8
DA:11,6
DA:12,6
DA:16,4
DA:17,4
DA:18,4
DA:19,4
LF:11
LH:11
BRF:0
BRH:0
end_of_record
TN:
SF:apps\auth-api\src\modules\login\adapter.ts
FNF:0
FNH:0
DA:3,6
LF:1
LH:1
BRF:0
BRH:0
end_of_record
TN:
SF:apps\auth-api\src\modules\login\controller.ts
FN:12,(anonymous_4)
FN:21,(anonymous_5)
FNF:2
FNH:2
FNDA:4,(anonymous_4)
FNDA:4,(anonymous_5)
DA:1,4
DA:2,4
DA:3,4
DA:5,4
DA:6,4
DA:7,4
DA:11,4
DA:13,4
DA:14,4
DA:21,4
DA:22,4
DA:23,2
LF:12
LH:12
BRF:0
BRH:0
end_of_record
TN:
SF:apps\auth-api\src\modules\login\service.ts
FN:10,(anonymous_2)
FN:12,(anonymous_3)
FNF:2
FNH:2
FNDA:8,(anonymous_2)
FNDA:8,(anonymous_3)
DA:1,6
DA:2,6
DA:4,6
DA:9,6
DA:10,8
DA:13,8
DA:14,8
DA:15,4
LF:8
LH:8
BRDA:14,0,0,4
BRF:1
BRH:1
end_of_record
TN:
SF:apps\auth-api\src\modules\user\adapter.ts
FNF:0
FNH:0
DA:1,14
DA:5,14
LF:2
LH:2
BRF:0
BRH:0
end_of_record
TN:
SF:apps\auth-api\src\modules\user\entity.ts
FNF:0
FNH:0
DA:1,4
DA:2,4
DA:6,4
DA:11,4
DA:15,4
LF:5
LH:5
BRF:0
BRH:0
end_of_record
TN:
SF:apps\auth-api\src\modules\user\repository.ts
FN:11,(anonymous_4)
FNF:1
FNH:1
FNDA:6,(anonymous_4)
DA:1,8
DA:2,8
DA:3,8
DA:4,8
DA:7,8
DA:10,8
DA:11,6
DA:12,6
LF:8
LH:8
BRF:0
BRH:0
end_of_record
TN:
SF:apps\auth-api\src\modules\user\schema.ts
FNF:0
FNH:0
DA:1,8
DA:7,8
DA:9,8
DA:12,8
DA:15,8
LF:5
LH:5
BRF:0
BRH:0
end_of_record
TN:
SF:apps\cats-api\src\modules\cats\adapter.ts
FNF:0
FNH:0
DA:1,12
DA:5,12
LF:2
LH:2
BRF:0
BRH:0
end_of_record
TN:
SF:apps\cats-api\src\modules\cats\controller.ts
FN:13,(anonymous_4)
FN:19,(anonymous_5)
FNF:2
FNH:2
FNDA:2,(anonymous_4)
FNDA:2,(anonymous_5)
DA:1,6
DA:2,6
DA:5,6
DA:6,6
DA:7,6
DA:12,6
DA:13,2
DA:19,6
DA:20,2
LF:9
LH:9
BRF:0
BRH:0
end_of_record
TN:
SF:apps\cats-api\src\modules\cats\entity.ts
FNF:0
FNH:0
DA:1,6
DA:5,6
DA:7,6
DA:10,6
DA:13,6
DA:16,6
LF:6
LH:6
BRF:0
BRH:0
end_of_record
TN:
SF:apps\cats-api\src\modules\cats\repository.ts
FN:11,(anonymous_4)
FNF:1
FNH:1
FNDA:4,(anonymous_4)
DA:1,8
DA:2,8
DA:3,8
DA:4,8
DA:7,8
DA:10,8
DA:11,4
DA:12,4
LF:8
LH:8
BRF:0
BRH:0
end_of_record
TN:
SF:apps\cats-api\src\modules\cats\schema.ts
FNF:0
FNH:0
DA:1,10
DA:7,10
DA:9,10
DA:12,10
DA:15,10
DA:18,10
LF:6
LH:6
BRF:0
BRH:0
end_of_record
TN:
SF:apps\cats-api\src\modules\health\adapter.ts
FNF:0
FNH:0
DA:1,8
LF:1
LH:1
BRF:0
BRH:0
end_of_record
TN:
SF:apps\cats-api\src\modules\health\controller.ts
FN:10,(anonymous_2)
FN:15,(anonymous_3)
FNF:2
FNH:2
FNDA:4,(anonymous_2)
FNDA:4,(anonymous_3)
DA:1,6
DA:2,6
DA:4,6
DA:5,6
DA:9,6
DA:10,4
DA:15,6
DA:16,4
LF:8
LH:8
BRF:0
BRH:0
end_of_record
TN:
SF:apps\cats-api\src\modules\health\service.ts
FN:11,(anonymous_2)
FN:17,(anonymous_3)
FNF:2
FNH:2
FNDA:6,(anonymous_2)
FNDA:4,(anonymous_3)
DA:1,8
DA:2,8
DA:3,8
DA:4,8
DA:6,8
DA:10,8
DA:12,6
DA:13,6
DA:14,6
DA:18,4
DA:20,4
DA:21,4
DA:23,4
DA:25,4
LF:14
LH:14
BRF:0
BRH:0
end_of_record
TN:
SF:libs\modules\auth\token\service.ts
FN:11,(anonymous_2)
FN:13,(anonymous_3)
FN:25,(anonymous_4)
FN:26,(anonymous_5)
FN:27,(anonymous_6)
FN:36,(anonymous_7)
FNF:6
FNH:6
FNDA:14,(anonymous_2)
FNDA:8,(anonymous_3)
FNDA:8,(anonymous_4)
FNDA:8,(anonymous_5)
FNDA:8,(anonymous_6)
FNDA:2,(anonymous_7)
DA:1,2
DA:2,2
DA:3,2
DA:4,2
DA:10,2
DA:11,14
DA:14,8
DA:22,8
DA:26,8
DA:27,8
DA:28,8
DA:29,6
DA:31,8
DA:37,2
LF:14
LH:14
BRDA:17,0,0,8
BRDA:17,0,1,6
BRDA:28,1,0,6
BRF:3
BRH:3
end_of_record
TN:
SF:libs\modules\cache\service.ts
FN:14,(anonymous_2)
FN:21,(anonymous_3)
FN:26,(anonymous_4)
FN:32,(anonymous_5)
FN:37,(anonymous_6)
FN:44,(anonymous_7)
FN:49,(anonymous_8)
FN:59,(anonymous_9)
FN:64,(anonymous_10)
FN:68,(anonymous_11)
FN:72,(anonymous_12)
FN:76,(anonymous_13)
FNF:12
FNH:12
FNDA:32,(anonymous_2)
FNDA:4,(anonymous_3)
FNDA:2,(anonymous_4)
FNDA:4,(anonymous_5)
FNDA:4,(anonymous_6)
FNDA:4,(anonymous_7)
FNDA:2,(anonymous_8)
FNDA:4,(anonymous_9)
FNDA:2,(anonymous_10)
FNDA:4,(anonymous_11)
FNDA:2,(anonymous_12)
FNDA:8,(anonymous_13)
DA:1,2
DA:2,2
DA:3,2
DA:4,2
DA:6,2
DA:11,2
DA:15,32
DA:16,32
DA:18,32
DA:22,4
DA:23,4
DA:27,2
DA:28,2
DA:29,2
DA:33,4
DA:34,4
DA:38,4
DA:39,4
DA:41,4
DA:45,4
DA:46,4
DA:50,2
DA:52,2
DA:53,2
DA:56,2
DA:60,4
DA:61,4
DA:65,2
DA:69,4
DA:73,2
DA:77,8
LF:31
LH:31
BRDA:23,0,0,2
BRDA:34,1,0,2
BRDA:39,2,0,2
BRDA:46,3,0,2
BRDA:61,4,0,2
BRF:5
BRH:5
end_of_record
TN:
SF:libs\modules\database\repository.ts
FN:19,(anonymous_0)
FN:21,(anonymous_1)
FN:26,(anonymous_2)
FN:33,(anonymous_3)
FN:37,(anonymous_4)
FN:41,(anonymous_5)
FN:45,(anonymous_6)
FN:49,(anonymous_7)
FN:54,(anonymous_8)
FN:62,(anonymous_9)
FNF:10
FNH:10
FNDA:26,(anonymous_0)
FNDA:4,(anonymous_1)
FNDA:6,(anonymous_2)
FNDA:2,(anonymous_3)
FNDA:2,(anonymous_4)
FNDA:2,(anonymous_5)
FNDA:2,(anonymous_6)
FNDA:4,(anonymous_7)
FNDA:2,(anonymous_8)
FNDA:2,(anonymous_9)
DA:1,2
DA:2,2
DA:18,2
DA:19,26
DA:22,4
DA:23,2
DA:27,6
DA:28,6
DA:30,6
DA:34,2
DA:38,2
DA:42,2
DA:46,2
DA:50,4
DA:51,4
DA:59,2
DA:67,2
LF:17
LH:17
BRDA:22,0,0,2
BRF:1
BRH:1
end_of_record
TN:
SF:libs\modules\database\service.ts
FN:9,(anonymous_1)
FN:16,(anonymous_2)
FNF:2
FNH:2
FNDA:2,(anonymous_1)
FNDA:2,(anonymous_2)
DA:1,2
DA:8,2
DA:10,2
DA:17,2
LF:4
LH:4
BRF:0
BRH:0
end_of_record
TN:
SF:libs\modules\global\logger\service.ts
FN:27,(anonymous_2)
FN:38,(anonymous_3)
FN:56,(anonymous_4)
FN:60,(anonymous_5)
FN:64,(anonymous_6)
FN:69,(anonymous_7)
FN:74,(anonymous_8)
FN:79,(anonymous_9)
FN:105,(anonymous_10)
FN:120,(anonymous_11)
FN:126,(anonymous_12)
FN:135,(anonymous_13)
FN:142,(anonymous_14)
FN:146,(anonymous_15)
FN:149,(anonymous_16)
FN:152,(anonymous_17)
FN:163,(anonymous_18)
FN:164,(anonymous_19)
FN:173,(anonymous_20)
FN:196,(anonymous_21)
FN:211,(anonymous_22)
FN:216,(anonymous_23)
FN:220,(anonymous_24)
FN:229,(anonymous_25)
FN:233,(anonymous_26)
FN:235,(anonymous_27)
FN:238,(anonymous_28)
FN:242,(anonymous_29)
FNF:28
FNH:19
FNDA:40,(anonymous_2)
FNDA:4,(anonymous_3)
FNDA:40,(anonymous_4)
FNDA:2,(anonymous_5)
FNDA:6,(anonymous_6)
FNDA:6,(anonymous_7)
FNDA:6,(anonymous_8)
FNDA:12,(anonymous_9)
FNDA:4,(anonymous_10)
FNDA:4,(anonymous_11)
FNDA:0,(anonymous_12)
FNDA:0,(anonymous_13)
FNDA:4,(anonymous_14)
FNDA:0,(anonymous_15)
FNDA:0,(anonymous_16)
FNDA:0,(anonymous_17)
FNDA:0,(anonymous_18)
FNDA:0,(anonymous_19)
FNDA:0,(anonymous_20)
FNDA:0,(anonymous_21)
FNDA:12,(anonymous_22)
FNDA:2,(anonymous_23)
FNDA:4,(anonymous_24)
FNDA:2,(anonymous_25)
FNDA:2,(anonymous_26)
FNDA:28,(anonymous_27)
FNDA:56,(anonymous_28)
FNDA:16,(anonymous_29)
DA:4,8
DA:5,8
DA:6,8
DA:7,8
DA:8,8
DA:9,8
DA:11,8
DA:12,8
DA:13,8
DA:19,8
DA:22,8
DA:27,40
DA:28,40
DA:30,40
DA:39,4
DA:53,4
DA:57,40
DA:61,2
DA:65,6
DA:66,6
DA:70,6
DA:71,6
DA:75,6
DA:76,6
DA:80,12
DA:83,12
DA:87,12
DA:91,12
DA:106,4
DA:121,4
DA:127,0
DA:128,0
DA:129,0
DA:132,0
DA:136,0
DA:143,4
DA:147,0
DA:150,0
DA:153,0
DA:163,0
DA:165,0
DA:174,0
DA:176,0
DA:178,0
DA:180,0
DA:188,0
DA:197,0
DA:198,0
DA:201,0
DA:202,0
DA:205,0
DA:212,12
DA:213,12
DA:216,2
DA:221,4
DA:229,2
DA:233,2
DA:235,28
DA:239,56
DA:243,16
DA:244,14
LF:61
LH:41
BRDA:64,0,0,4
BRDA:69,1,0,4
BRDA:74,2,0,4
BRDA:83,3,0,2
BRDA:83,3,1,10
BRDA:128,4,0,0
BRDA:147,5,0,0
BRDA:147,5,1,0
BRDA:197,6,0,0
BRDA:201,7,0,0
BRDA:219,8,0,12
BRDA:219,8,1,8
BRDA:228,9,0,12
BRDA:228,9,1,8
BRDA:238,10,0,16
BRDA:238,11,0,16
BRDA:243,12,0,2
BRF:17
BRH:12
end_of_record
TN:
SF:libs\modules\global\secrets\service.ts
FN:10,(anonymous_2)
FNF:1
FNH:1
FNDA:22,(anonymous_2)
DA:1,12
DA:2,12
DA:6,12
DA:9,12
DA:11,22
DA:14,22
DA:16,22
DA:17,22
DA:18,22
DA:19,22
DA:21,22
DA:23,22
DA:25,22
DA:27,22
DA:34,22
DA:39,22
DA:45,22
LF:17
LH:17
BRF:0
BRH:0
end_of_record
TN:
SF:libs\modules\http\service.ts
FN:8,(anonymous_1)
FNF:1
FNH:1
FNDA:4,(anonymous_1)
DA:1,4
DA:2,4
DA:7,4
DA:9,4
LF:4
LH:4
BRF:0
BRH:0
end_of_record
TN:
SF:libs\utils\exception.ts
FN:21,(anonymous_0)
FNF:1
FNH:1
FNDA:12,(anonymous_0)
DA:1,4
DA:13,4
DA:24,12
DA:26,12
DA:27,12
DA:29,12
DA:30,2
LF:7
LH:7
BRDA:29,0,0,2
BRF:1
BRH:1
end_of_record
TN:
SF:libs\utils\filters\http-exception.filter.ts
FN:10,(anonymous_2)
FN:12,(anonymous_3)
FNF:2
FNH:2
FNDA:8,(anonymous_2)
FNDA:8,(anonymous_3)
DA:1,2
DA:2,2
DA:3,2
DA:6,2
DA:9,2
DA:10,8
DA:13,8
DA:14,8
DA:15,8
DA:18,8
DA:22,8
DA:24,8
DA:26,8
LF:13
LH:13
BRDA:18,0,0,6
BRDA:18,0,1,2
BRF:2
BRH:2
end_of_record
TN:
SF:libs\utils\middleware\auth\is-logged.middleware.ts
FN:9,(anonymous_2)
FN:13,(anonymous_3)
FN:27,(anonymous_4)
FNF:3
FNH:2
FNDA:4,(anonymous_2)
FNDA:4,(anonymous_3)
FNDA:0,(anonymous_4)
DA:1,2
DA:3,2
DA:4,2
DA:5,2
DA:8,2
DA:10,4
DA:11,4
DA:14,4
DA:16,4
DA:17,2
DA:18,2
DA:20,2
DA:21,2
DA:22,2
DA:25,2
DA:27,2
DA:28,0
DA:29,0
DA:31,0
DA:32,0
DA:35,0
DA:36,0
DA:39,2
DA:41,2
LF:24
LH:18
BRDA:16,0,0,2
BRDA:17,1,0,2
BRDA:31,2,0,0
BRF:3
BRH:2
end_of_record
TN:
SF:libs\utils\tests\mock-utils.ts
FN:3,(anonymous_0)
FNF:1
FNH:1
FNDA:10,(anonymous_0)
DA:2,4
DA:4,10
LF:2
LH:2
BRF:0
BRH:0
end_of_record
